Using pre-set license
Built from '2020.3/staging' branch; Version is '2020.3.3f1 (76626098c1c4) revision 7758432'; Using compiler version '192528614'; Build Type 'Release'
OS: 'Windows 10 Home; OS build 19043.1237; Version 2009; 64bit' Language: 'de' Physical Memory: 32664 MB
BatchMode: 1, IsHumanControllingUs: 0, StartBugReporterOnCrash: 0, Is64bit: 1, IsPro: 0

 COMMAND LINE ARGUMENTS:
C:\Program Files\Unity\Hub\Editor\2020.3.3f1\Editor\Unity.exe
-adb2
-batchMode
-noUpm
-name
AssetImportWorker0
-projectPath
D:/OneDrive - Fachhochschule St. Pölten/BMT2/EIA/Unity/Project2/JumpAndRun
-logFile
Logs/AssetImportWorker0.log
-srvPort
58099
Successfully changed project path to: D:/OneDrive - Fachhochschule St. Pölten/BMT2/EIA/Unity/Project2/JumpAndRun
D:/OneDrive - Fachhochschule St. Pölten/BMT2/EIA/Unity/Project2/JumpAndRun
Using Asset Import Pipeline V2.
Refreshing native plugins compatible for Editor in 68.76 ms, found 1 plugins.
Preloading 0 native plugins for Editor in 0.00 ms.
Initialize engine version: 2020.3.3f1 (76626098c1c4)
[Subsystems] Discovering subsystems at path C:/Program Files/Unity/Hub/Editor/2020.3.3f1/Editor/Data/Resources/UnitySubsystems
[Subsystems] Discovering subsystems at path D:/OneDrive - Fachhochschule St. Pölten/BMT2/EIA/Unity/Project2/JumpAndRun/Assets
GfxDevice: creating device client; threaded=0
Direct3D:
    Version:  Direct3D 11.0 [level 11.1]
    Renderer: NVIDIA GeForce GTX 1070 (ID=0x1b81)
    Vendor:   
    VRAM:     8088 MB
    Driver:   30.0.14.7212
Initialize mono
Mono path[0] = 'C:/Program Files/Unity/Hub/Editor/2020.3.3f1/Editor/Data/Managed'
Mono path[1] = 'C:/Program Files/Unity/Hub/Editor/2020.3.3f1/Editor/Data/MonoBleedingEdge/lib/mono/unityjit'
Mono config path = 'C:/Program Files/Unity/Hub/Editor/2020.3.3f1/Editor/Data/MonoBleedingEdge/etc'
Using monoOptions --debugger-agent=transport=dt_socket,embedding=1,server=y,suspend=n,address=127.0.0.1:56944
Begin MonoManager ReloadAssembly
Registering precompiled unity dll's ...
Register platform support module: C:/Program Files/Unity/Hub/Editor/2020.3.3f1/Editor/Data/PlaybackEngines/WebGLSupport/UnityEditor.WebGL.Extensions.dll
Register platform support module: C:/Program Files/Unity/Hub/Editor/2020.3.3f1/Editor/Data/PlaybackEngines/WindowsStandaloneSupport/UnityEditor.WindowsStandalone.Extensions.dll
Registered in 0.004829 seconds.
Native extension for WindowsStandalone target not found
Native extension for WebGL target not found
Refreshing native plugins compatible for Editor in 68.14 ms, found 1 plugins.
Preloading 0 native plugins for Editor in 0.00 ms.
Invoked RoslynAnalysisRunner static constructor.
RoslynAnalysisRunner will not be running.
RoslynAnalysisRunner has terminated.
Mono: successfully reloaded assembly
- Completed reload, in  3.324 seconds
Platform modules already initialized, skipping
Registering precompiled user dll's ...
Registered in 0.001598 seconds.
Begin MonoManager ReloadAssembly
Native extension for WindowsStandalone target not found
Native extension for WebGL target not found
Refreshing native plugins compatible for Editor in 71.71 ms, found 1 plugins.
Preloading 0 native plugins for Editor in 0.00 ms.
Invoked RoslynAnalysisRunner static constructor.
RoslynAnalysisRunner will not be running.
RoslynAnalysisRunner has terminated.
Mono: successfully reloaded assembly
- Completed reload, in  1.593 seconds
Platform modules already initialized, skipping
========================================================================
Worker process is ready to serve import requests
Launched and connected shader compiler UnityShaderCompiler.exe after 0.10 seconds
Refreshing native plugins compatible for Editor in 0.61 ms, found 1 plugins.
Preloading 0 native plugins for Editor in 0.00 ms.
Unloading 1979 Unused Serialized files (Serialized files now loaded: 0)
System memory in use before: 93.3 MB.
System memory in use after: 93.2 MB.

Unloading 25 unused Assets to reduce memory usage. Loaded Objects now: 2423.
Total: 3.461800 ms (FindLiveObjects: 0.790200 ms CreateObjectMapping: 0.112600 ms MarkObjects: 2.352600 ms  DeleteObjects: 0.204900 ms)

========================================================================
Received Import Request.
  path: Assets/Music/fail.mp3
  artifactKey: Guid(fd8a36f8706f69e4591528523706790f) Importer(815301076,1909f56bfc062723c751e8b465ee728b)
Start importing Assets/Music/fail.mp3 using Guid(fd8a36f8706f69e4591528523706790f) Importer(815301076,1909f56bfc062723c751e8b465ee728b)  -> (artifact id: 'c4962186ea9b80b73bdcfa9162f2203d') in 0.184938 seconds
  Import took 0.191610 seconds .

========================================================================
Received Import Request.
  Time since last request: 0.000269 seconds.
  path: Assets/Music/win.mp3
  artifactKey: Guid(7683340e825ba944680fcb66107c4267) Importer(815301076,1909f56bfc062723c751e8b465ee728b)
Start importing Assets/Music/win.mp3 using Guid(7683340e825ba944680fcb66107c4267) Importer(815301076,1909f56bfc062723c751e8b465ee728b)  -> (artifact id: 'ae133d9e5c6fd6a5466b36ca560d7aa9') in 0.021238 seconds
  Import took 0.028487 seconds .

========================================================================
Received Import Request.
  Time since last request: 0.000281 seconds.
  path: Assets/Music/walking.mp3
  artifactKey: Guid(06eddbad4e6a95647b8c6ef35d47b318) Importer(815301076,1909f56bfc062723c751e8b465ee728b)
Start importing Assets/Music/walking.mp3 using Guid(06eddbad4e6a95647b8c6ef35d47b318) Importer(815301076,1909f56bfc062723c751e8b465ee728b)  -> (artifact id: '3b8e665f6fb469fbf9abc78fd5db8ddd') in 0.029803 seconds
  Import took 0.037001 seconds .

========================================================================
Received Import Request.
  Time since last request: 0.000308 seconds.
  path: Assets/Music/gameMusic.mp3
  artifactKey: Guid(ce0a81ceb1611cf4bb5e8e14f9ebc20b) Importer(815301076,1909f56bfc062723c751e8b465ee728b)
Start importing Assets/Music/gameMusic.mp3 using Guid(ce0a81ceb1611cf4bb5e8e14f9ebc20b) Importer(815301076,1909f56bfc062723c751e8b465ee728b)  -> (artifact id: '657db34b4bac726b26c89fc8ea6b43e6') in 0.014163 seconds
  Import took 0.023001 seconds .

========================================================================
Received Import Request.
  Time since last request: 0.000300 seconds.
  path: Assets/Music/itemcollect.mp3
  artifactKey: Guid(0de70b60fa4be1541ad6a126948495fb) Importer(815301076,1909f56bfc062723c751e8b465ee728b)
Start importing Assets/Music/itemcollect.mp3 using Guid(0de70b60fa4be1541ad6a126948495fb) Importer(815301076,1909f56bfc062723c751e8b465ee728b)  -> (artifact id: '68a8741b0b6665cba7ee97f2ccd84354') in 0.017782 seconds
  Import took 0.025663 seconds .

========================================================================
Received Import Request.
  Time since last request: 0.000250 seconds.
  path: Assets/Music/spring.mp3
  artifactKey: Guid(33ea65ec00b98db42acd9dd5464ddad3) Importer(815301076,1909f56bfc062723c751e8b465ee728b)
Start importing Assets/Music/spring.mp3 using Guid(33ea65ec00b98db42acd9dd5464ddad3) Importer(815301076,1909f56bfc062723c751e8b465ee728b)  -> (artifact id: '58bed638699854f46cdcff3d0521a584') in 0.014776 seconds
  Import took 0.021089 seconds .

========================================================================
Received Prepare
Refreshing native plugins compatible for Editor in 2.93 ms, found 1 plugins.
Preloading 0 native plugins for Editor in 0.00 ms.
Unloading 10 Unused Serialized files (Serialized files now loaded: 0)
System memory in use before: 55.7 MB.
System memory in use after: 55.6 MB.

Unloading 10 unused Assets to reduce memory usage. Loaded Objects now: 2432.
Total: 3.402000 ms (FindLiveObjects: 0.382900 ms CreateObjectMapping: 0.095800 ms MarkObjects: 2.748200 ms  DeleteObjects: 0.174000 ms)

========================================================================
Received Prepare
Registering precompiled user dll's ...
Registered in 0.001768 seconds.
Begin MonoManager ReloadAssembly
Native extension for WindowsStandalone target not found
Native extension for WebGL target not found
Refreshing native plugins compatible for Editor in 0.61 ms, found 1 plugins.
Preloading 0 native plugins for Editor in 0.00 ms.
Invoked RoslynAnalysisRunner static constructor.
RoslynAnalysisRunner will not be running.
RoslynAnalysisRunner has terminated.
Mono: successfully reloaded assembly
- Completed reload, in  1.446 seconds
Platform modules already initialized, skipping
Refreshing native plugins compatible for Editor in 0.64 ms, found 1 plugins.
Preloading 0 native plugins for Editor in 0.00 ms.
Unloading 1959 Unused Serialized files (Serialized files now loaded: 0)
System memory in use before: 94.9 MB.
System memory in use after: 94.9 MB.

Unloading 13 unused Assets to reduce memory usage. Loaded Objects now: 2436.
Total: 3.149600 ms (FindLiveObjects: 0.383600 ms CreateObjectMapping: 0.097000 ms MarkObjects: 2.501600 ms  DeleteObjects: 0.166300 ms)

========================================================================
Received Prepare
Refreshing native plugins compatible for Editor in 3.06 ms, found 1 plugins.
Preloading 0 native plugins for Editor in 0.00 ms.
Unloading 10 Unused Serialized files (Serialized files now loaded: 0)
System memory in use before: 55.7 MB.
System memory in use after: 55.7 MB.

Unloading 10 unused Assets to reduce memory usage. Loaded Objects now: 2436.
Total: 2.890300 ms (FindLiveObjects: 0.381400 ms CreateObjectMapping: 0.101300 ms MarkObjects: 2.237900 ms  DeleteObjects: 0.168500 ms)

AssetImportWorkerClient::OnTransportError - code=2 error=End of file
